{"D:\\ScalableToDoList\\src\\app.ts": {"path":"D:\\ScalableToDoList\\src\\app.ts","statementMap":{"0":{"start":{"line":1,"column":0},"end":{"line":1,"column":30}},"1":{"start":{"line":2,"column":0},"end":{"line":2,"column":32}},"2":{"start":{"line":3,"column":0},"end":{"line":3,"column":38}},"3":{"start":{"line":4,"column":0},"end":{"line":4,"column":32}},"4":{"start":{"line":5,"column":0},"end":{"line":5,"column":28}},"5":{"start":{"line":6,"column":0},"end":{"line":6,"column":45}},"6":{"start":{"line":10,"column":0},"end":{"line":10,"column":54}},"7":{"start":{"line":11,"column":0},"end":{"line":11,"column":59}},"8":{"start":{"line":12,"column":0},"end":{"line":12,"column":16}},"9":{"start":{"line":14,"column":0},"end":{"line":19,"column":3}},"10":{"start":{"line":15,"column":4},"end":{"line":15,"column":55}},"11":{"start":{"line":21,"column":12},"end":{"line":21,"column":21}},"12":{"start":{"line":22,"column":0},"end":{"line":24,"column":34}},"13":{"start":{"line":23,"column":14},"end":{"line":23,"column":46}},"14":{"start":{"line":24,"column":16},"end":{"line":24,"column":32}},"15":{"start":{"line":25,"column":0},"end":{"line":25,"column":24}},"16":{"start":{"line":26,"column":0},"end":{"line":34,"column":4}},"17":{"start":{"line":35,"column":0},"end":{"line":35,"column":31}},"18":{"start":{"line":36,"column":0},"end":{"line":36,"column":28}},"19":{"start":{"line":37,"column":0},"end":{"line":37,"column":20}},"20":{"start":{"line":40,"column":0},"end":{"line":40,"column":51}},"21":{"start":{"line":42,"column":0},"end":{"line":45,"column":3}},"22":{"start":{"line":44,"column":4},"end":{"line":44,"column":79}},"23":{"start":{"line":48,"column":0},"end":{"line":54,"column":2}},"24":{"start":{"line":52,"column":8},"end":{"line":52,"column":35}},"25":{"start":{"line":57,"column":0},"end":{"line":57,"column":null}},"26":{"start":{"line":58,"column":0},"end":{"line":58,"column":19}}},"fnMap":{"0":{"name":"(anonymous_1)","decl":{"start":{"line":14,"column":32},"end":{"line":14,"column":33}},"loc":{"start":{"line":14,"column":40},"end":{"line":19,"column":1}}},"1":{"name":"(anonymous_2)","decl":{"start":{"line":23,"column":8},"end":{"line":23,"column":11}},"loc":{"start":{"line":23,"column":14},"end":{"line":23,"column":46}}},"2":{"name":"(anonymous_3)","decl":{"start":{"line":24,"column":9},"end":{"line":24,"column":12}},"loc":{"start":{"line":24,"column":16},"end":{"line":24,"column":32}}},"3":{"name":"(anonymous_4)","decl":{"start":{"line":42,"column":24},"end":{"line":42,"column":25}},"loc":{"start":{"line":42,"column":43},"end":{"line":45,"column":1}}},"4":{"name":"(anonymous_5)","decl":{"start":{"line":50,"column":4},"end":{"line":50,"column":5}},"loc":{"start":{"line":50,"column":17},"end":{"line":53,"column":5}}}},"branchMap":{},"s":{"0":1,"1":1,"2":1,"3":1,"4":1,"5":1,"6":1,"7":1,"8":1,"9":1,"10":0,"11":1,"12":1,"13":1,"14":0,"15":1,"16":1,"17":1,"18":1,"19":1,"20":1,"21":1,"22":0,"23":1,"24":1,"25":1,"26":1},"f":{"0":0,"1":1,"2":0,"3":0,"4":1},"b":{}}
,"D:\\ScalableToDoList\\src\\config\\passport.ts": {"path":"D:\\ScalableToDoList\\src\\config\\passport.ts","statementMap":{"0":{"start":{"line":1,"column":0},"end":{"line":1,"column":32}},"1":{"start":{"line":2,"column":0},"end":{"line":2,"column":62}},"2":{"start":{"line":4,"column":0},"end":{"line":4,"column":34}},"3":{"start":{"line":6,"column":0},"end":{"line":6,"column":27}},"4":{"start":{"line":8,"column":33},"end":{"line":40,"column":1}},"5":{"start":{"line":9,"column":0},"end":{"line":29,"column":4}},"6":{"start":{"line":14,"column":2},"end":{"line":28,"column":3}},"7":{"start":{"line":15,"column":17},"end":{"line":15,"column":61}},"8":{"start":{"line":16,"column":4},"end":{"line":25,"column":5}},"9":{"start":{"line":17,"column":6},"end":{"line":17,"column":30}},"10":{"start":{"line":19,"column":22},"end":{"line":22,"column":8}},"11":{"start":{"line":23,"column":6},"end":{"line":23,"column":27}},"12":{"start":{"line":24,"column":6},"end":{"line":24,"column":33}},"13":{"start":{"line":27,"column":4},"end":{"line":27,"column":21}},"14":{"start":{"line":31,"column":0},"end":{"line":33,"column":3}},"15":{"start":{"line":32,"column":2},"end":{"line":32,"column":23}},"16":{"start":{"line":35,"column":0},"end":{"line":38,"column":3}},"17":{"start":{"line":36,"column":15},"end":{"line":36,"column":39}},"18":{"start":{"line":37,"column":2},"end":{"line":37,"column":19}},"19":{"start":{"line":8,"column":13},"end":{"line":8,"column":33}}},"fnMap":{"0":{"name":"(anonymous_1)","decl":{"start":{"line":8,"column":33},"end":{"line":8,"column":35}},"loc":{"start":{"line":8,"column":37},"end":{"line":40,"column":1}}},"1":{"name":"(anonymous_2)","decl":{"start":{"line":13,"column":3},"end":{"line":13,"column":8}},"loc":{"start":{"line":13,"column":74},"end":{"line":29,"column":1}}},"2":{"name":"(anonymous_3)","decl":{"start":{"line":31,"column":23},"end":{"line":31,"column":24}},"loc":{"start":{"line":31,"column":43},"end":{"line":33,"column":1}}},"3":{"name":"(anonymous_4)","decl":{"start":{"line":35,"column":25},"end":{"line":35,"column":30}},"loc":{"start":{"line":35,"column":45},"end":{"line":38,"column":1}}}},"branchMap":{"0":{"loc":{"start":{"line":16,"column":4},"end":{"line":25,"column":5}},"type":"if","locations":[{"start":{"line":16,"column":4},"end":{"line":25,"column":5}},{"start":{"line":18,"column":11},"end":{"line":25,"column":5}}]}},"s":{"0":1,"1":1,"2":1,"3":1,"4":1,"5":1,"6":1,"7":1,"8":1,"9":1,"10":0,"11":0,"12":0,"13":0,"14":1,"15":1,"16":1,"17":5,"18":5,"19":1},"f":{"0":1,"1":1,"2":1,"3":5},"b":{"0":[1,0]}}
,"D:\\ScalableToDoList\\src\\controllers\\todoController.ts": {"path":"D:\\ScalableToDoList\\src\\controllers\\todoController.ts","statementMap":{"0":{"start":{"line":2,"column":0},"end":{"line":2,"column":34}},"1":{"start":{"line":3,"column":0},"end":{"line":3,"column":53}},"2":{"start":{"line":5,"column":26},"end":{"line":27,"column":1}},"3":{"start":{"line":7,"column":37},"end":{"line":7,"column":45}},"4":{"start":{"line":8,"column":15},"end":{"line":13,"column":4}},"5":{"start":{"line":15,"column":2},"end":{"line":15,"column":20}},"6":{"start":{"line":16,"column":14},"end":{"line":16,"column":30}},"7":{"start":{"line":18,"column":21},"end":{"line":18,"column":62}},"8":{"start":{"line":19,"column":1},"end":{"line":19,"column":null}},"9":{"start":{"line":20,"column":20},"end":{"line":20,"column":46}},"10":{"start":{"line":22,"column":0},"end":{"line":22,"column":null}},"11":{"start":{"line":24,"column":0},"end":{"line":24,"column":71}},"12":{"start":{"line":26,"column":2},"end":{"line":26,"column":29}},"13":{"start":{"line":5,"column":13},"end":{"line":5,"column":26}},"14":{"start":{"line":29,"column":32},"end":{"line":44,"column":1}},"15":{"start":{"line":30,"column":0},"end":{"line":33,"column":1}},"16":{"start":{"line":32,"column":0},"end":{"line":32,"column":23}},"17":{"start":{"line":34,"column":14},"end":{"line":34,"column":30}},"18":{"start":{"line":35,"column":22},"end":{"line":35,"column":65}},"19":{"start":{"line":37,"column":2},"end":{"line":39,"column":3}},"20":{"start":{"line":38,"column":4},"end":{"line":38,"column":33}},"21":{"start":{"line":41,"column":16},"end":{"line":41,"column":62}},"22":{"start":{"line":42,"column":2},"end":{"line":42,"column":69}},"23":{"start":{"line":43,"column":2},"end":{"line":43,"column":18}},"24":{"start":{"line":29,"column":13},"end":{"line":29,"column":32}},"25":{"start":{"line":46,"column":27},"end":{"line":50,"column":1}},"26":{"start":{"line":48,"column":16},"end":{"line":48,"column":62}},"27":{"start":{"line":49,"column":2},"end":{"line":49,"column":18}},"28":{"start":{"line":46,"column":13},"end":{"line":46,"column":27}},"29":{"start":{"line":52,"column":26},"end":{"line":79,"column":1}},"30":{"start":{"line":53,"column":17},"end":{"line":53,"column":27}},"31":{"start":{"line":54,"column":50},"end":{"line":54,"column":58}},"32":{"start":{"line":57,"column":24},"end":{"line":61,"column":6}},"33":{"start":{"line":63,"column":4},"end":{"line":65,"column":5}},"34":{"start":{"line":64,"column":8},"end":{"line":64,"column":54}},"35":{"start":{"line":68,"column":18},"end":{"line":68,"column":34}},"36":{"start":{"line":69,"column":25},"end":{"line":69,"column":66}},"37":{"start":{"line":70,"column":4},"end":{"line":70,"column":null}},"38":{"start":{"line":71,"column":24},"end":{"line":71,"column":50}},"39":{"start":{"line":72,"column":18},"end":{"line":72,"column":82}},"40":{"start":{"line":72,"column":55},"end":{"line":72,"column":81}},"41":{"start":{"line":73,"column":4},"end":{"line":76,"column":5}},"42":{"start":{"line":74,"column":8},"end":{"line":74,"column":41}},"43":{"start":{"line":75,"column":8},"end":{"line":75,"column":79}},"44":{"start":{"line":78,"column":4},"end":{"line":78,"column":26}},"45":{"start":{"line":52,"column":13},"end":{"line":52,"column":26}},"46":{"start":{"line":81,"column":26},"end":{"line":99,"column":1}},"47":{"start":{"line":82,"column":18},"end":{"line":82,"column":28}},"48":{"start":{"line":83,"column":16},"end":{"line":83,"column":39}},"49":{"start":{"line":85,"column":24},"end":{"line":85,"column":56}},"50":{"start":{"line":86,"column":4},"end":{"line":88,"column":5}},"51":{"start":{"line":87,"column":8},"end":{"line":87,"column":54}},"52":{"start":{"line":91,"column":18},"end":{"line":91,"column":34}},"53":{"start":{"line":92,"column":25},"end":{"line":92,"column":62}},"54":{"start":{"line":93,"column":4},"end":{"line":93,"column":null}},"55":{"start":{"line":94,"column":24},"end":{"line":94,"column":50}},"56":{"start":{"line":95,"column":25},"end":{"line":95,"column":86}},"57":{"start":{"line":95,"column":59},"end":{"line":95,"column":85}},"58":{"start":{"line":96,"column":4},"end":{"line":96,"column":72}},"59":{"start":{"line":98,"column":4},"end":{"line":98,"column":27}},"60":{"start":{"line":81,"column":13},"end":{"line":81,"column":26}}},"fnMap":{"0":{"name":"(anonymous_1)","decl":{"start":{"line":5,"column":26},"end":{"line":5,"column":31}},"loc":{"start":{"line":5,"column":64},"end":{"line":27,"column":1}}},"1":{"name":"(anonymous_2)","decl":{"start":{"line":29,"column":32},"end":{"line":29,"column":37}},"loc":{"start":{"line":29,"column":70},"end":{"line":44,"column":1}}},"2":{"name":"(anonymous_3)","decl":{"start":{"line":46,"column":27},"end":{"line":46,"column":32}},"loc":{"start":{"line":46,"column":65},"end":{"line":50,"column":1}}},"3":{"name":"(anonymous_4)","decl":{"start":{"line":52,"column":26},"end":{"line":52,"column":31}},"loc":{"start":{"line":52,"column":64},"end":{"line":79,"column":1}}},"4":{"name":"(anonymous_5)","decl":{"start":{"line":72,"column":40},"end":{"line":72,"column":41}},"loc":{"start":{"line":72,"column":55},"end":{"line":72,"column":81}}},"5":{"name":"(anonymous_6)","decl":{"start":{"line":81,"column":26},"end":{"line":81,"column":31}},"loc":{"start":{"line":81,"column":64},"end":{"line":99,"column":1}}},"6":{"name":"(anonymous_7)","decl":{"start":{"line":95,"column":44},"end":{"line":95,"column":45}},"loc":{"start":{"line":95,"column":59},"end":{"line":95,"column":85}}}},"branchMap":{"0":{"loc":{"start":{"line":19,"column":19},"end":{"line":19,"column":63}},"type":"cond-expr","locations":[{"start":{"line":19,"column":44},"end":{"line":19,"column":48}},{"start":{"line":19,"column":49},"end":{"line":19,"column":63}}]},"1":{"loc":{"start":{"line":30,"column":0},"end":{"line":33,"column":1}},"type":"if","locations":[{"start":{"line":30,"column":0},"end":{"line":33,"column":1}}]},"2":{"loc":{"start":{"line":37,"column":2},"end":{"line":39,"column":3}},"type":"if","locations":[{"start":{"line":37,"column":2},"end":{"line":39,"column":3}}]},"3":{"loc":{"start":{"line":63,"column":4},"end":{"line":65,"column":5}},"type":"if","locations":[{"start":{"line":63,"column":4},"end":{"line":65,"column":5}}]},"4":{"loc":{"start":{"line":70,"column":21},"end":{"line":70,"column":65}},"type":"cond-expr","locations":[{"start":{"line":70,"column":46},"end":{"line":70,"column":50}},{"start":{"line":70,"column":51},"end":{"line":70,"column":65}}]},"5":{"loc":{"start":{"line":73,"column":4},"end":{"line":76,"column":5}},"type":"if","locations":[{"start":{"line":73,"column":4},"end":{"line":76,"column":5}}]},"6":{"loc":{"start":{"line":86,"column":4},"end":{"line":88,"column":5}},"type":"if","locations":[{"start":{"line":86,"column":4},"end":{"line":88,"column":5}}]},"7":{"loc":{"start":{"line":93,"column":21},"end":{"line":93,"column":65}},"type":"cond-expr","locations":[{"start":{"line":93,"column":46},"end":{"line":93,"column":50}},{"start":{"line":93,"column":51},"end":{"line":93,"column":65}}]}},"s":{"0":1,"1":1,"2":1,"3":1,"4":1,"5":1,"6":1,"7":1,"8":1,"9":1,"10":1,"11":1,"12":1,"13":1,"14":1,"15":2,"16":0,"17":2,"18":2,"19":2,"20":2,"21":0,"22":0,"23":0,"24":1,"25":1,"26":0,"27":0,"28":1,"29":1,"30":1,"31":1,"32":1,"33":1,"34":0,"35":1,"36":1,"37":1,"38":1,"39":1,"40":1,"41":1,"42":1,"43":1,"44":1,"45":1,"46":1,"47":1,"48":1,"49":1,"50":1,"51":0,"52":1,"53":1,"54":1,"55":1,"56":1,"57":1,"58":1,"59":1,"60":1},"f":{"0":1,"1":2,"2":0,"3":1,"4":1,"5":1,"6":1},"b":{"0":[0,1],"1":[0],"2":[2],"3":[0],"4":[0,1],"5":[1],"6":[0],"7":[0,1]}}
,"D:\\ScalableToDoList\\src\\middlewares\\authentication.ts": {"path":"D:\\ScalableToDoList\\src\\middlewares\\authentication.ts","statementMap":{"0":{"start":{"line":1,"column":24},"end":{"line":11,"column":1}},"1":{"start":{"line":3,"column":1},"end":{"line":3,"column":62}},"2":{"start":{"line":4,"column":4},"end":{"line":4,"column":43}},"3":{"start":{"line":5,"column":4},"end":{"line":5,"column":41}},"4":{"start":{"line":6,"column":4},"end":{"line":9,"column":5}},"5":{"start":{"line":7,"column":0},"end":{"line":7,"column":null}},"6":{"start":{"line":8,"column":8},"end":{"line":8,"column":22}},"7":{"start":{"line":10,"column":4},"end":{"line":10,"column":59}},"8":{"start":{"line":13,"column":0},"end":{"line":13,"column":31}}},"fnMap":{"0":{"name":"(anonymous_0)","decl":{"start":{"line":1,"column":24},"end":{"line":1,"column":25}},"loc":{"start":{"line":1,"column":43},"end":{"line":11,"column":1}}}},"branchMap":{"0":{"loc":{"start":{"line":6,"column":4},"end":{"line":9,"column":5}},"type":"if","locations":[{"start":{"line":6,"column":4},"end":{"line":9,"column":5}}]},"1":{"loc":{"start":{"line":6,"column":8},"end":{"line":6,"column":41}},"type":"binary-expr","locations":[{"start":{"line":6,"column":8},"end":{"line":6,"column":29}},{"start":{"line":6,"column":33},"end":{"line":6,"column":41}}]}},"s":{"0":1,"1":5,"2":5,"3":5,"4":5,"5":5,"6":5,"7":0,"8":1},"f":{"0":5},"b":{"0":[5],"1":[5,5]}}
,"D:\\ScalableToDoList\\src\\models\\Todo.ts": {"path":"D:\\ScalableToDoList\\src\\models\\Todo.ts","statementMap":{"0":{"start":{"line":1,"column":0},"end":{"line":1,"column":48}},"1":{"start":{"line":2,"column":0},"end":{"line":2,"column":32}},"2":{"start":{"line":3,"column":0},"end":{"line":3,"column":55}},"3":{"start":{"line":5,"column":15},"end":{"line":5,"column":60}},"4":{"start":{"line":7,"column":2},"end":{"line":12,"column":3}},"5":{"start":{"line":8,"column":4},"end":{"line":8,"column":24}},"6":{"start":{"line":9,"column":4},"end":{"line":9,"column":46}},"7":{"start":{"line":11,"column":4},"end":{"line":11,"column":59}},"8":{"start":{"line":16,"column":0},"end":{"line":16,"column":31}},"9":{"start":{"line":17,"column":19},"end":{"line":23,"column":24}},"10":{"start":{"line":25,"column":0},"end":{"line":25,"column":73}},"11":{"start":{"line":30,"column":2},"end":{"line":64,"column":3}},"12":{"start":{"line":31,"column":32},"end":{"line":31,"column":79}},"13":{"start":{"line":32,"column":4},"end":{"line":32,"column":63}},"14":{"start":{"line":34,"column":4},"end":{"line":61,"column":5}},"15":{"start":{"line":35,"column":6},"end":{"line":35,"column":43}},"16":{"start":{"line":37,"column":34},"end":{"line":56,"column":8}},"17":{"start":{"line":58,"column":6},"end":{"line":58,"column":57}},"18":{"start":{"line":60,"column":6},"end":{"line":60,"column":49}},"19":{"start":{"line":63,"column":4},"end":{"line":63,"column":62}},"20":{"start":{"line":67,"column":0},"end":{"line":67,"column":31}},"21":{"start":{"line":68,"column":0},"end":{"line":87,"column":3}},"22":{"start":{"line":69,"column":4},"end":{"line":86,"column":5}},"23":{"start":{"line":70,"column":8},"end":{"line":82,"column":11}},"24":{"start":{"line":83,"column":8},"end":{"line":83,"column":63}},"25":{"start":{"line":85,"column":8},"end":{"line":85,"column":57}},"26":{"start":{"line":88,"column":13},"end":{"line":88,"column":47}},"27":{"start":{"line":89,"column":0},"end":{"line":89,"column":20}}},"fnMap":{"0":{"name":"checkElasticsearchConnection","decl":{"start":{"line":6,"column":15},"end":{"line":6,"column":43}},"loc":{"start":{"line":6,"column":43},"end":{"line":13,"column":1}}},"1":{"name":"checkIfIndexExistsElseCreate","decl":{"start":{"line":27,"column":15},"end":{"line":27,"column":43}},"loc":{"start":{"line":27,"column":43},"end":{"line":65,"column":1}}},"2":{"name":"(anonymous_3)","decl":{"start":{"line":68,"column":24},"end":{"line":68,"column":29}},"loc":{"start":{"line":68,"column":42},"end":{"line":87,"column":1}}}},"branchMap":{"0":{"loc":{"start":{"line":34,"column":4},"end":{"line":61,"column":5}},"type":"if","locations":[{"start":{"line":34,"column":4},"end":{"line":61,"column":5}},{"start":{"line":59,"column":11},"end":{"line":61,"column":5}}]}},"s":{"0":1,"1":1,"2":1,"3":1,"4":1,"5":1,"6":1,"7":0,"8":1,"9":1,"10":1,"11":1,"12":1,"13":1,"14":1,"15":0,"16":0,"17":0,"18":1,"19":0,"20":1,"21":1,"22":1,"23":1,"24":1,"25":0,"26":1,"27":1},"f":{"0":1,"1":1,"2":1},"b":{"0":[0,1]}}
,"D:\\ScalableToDoList\\src\\models\\User.ts": {"path":"D:\\ScalableToDoList\\src\\models\\User.ts","statementMap":{"0":{"start":{"line":1,"column":0},"end":{"line":1,"column":47}},"1":{"start":{"line":2,"column":0},"end":{"line":2,"column":32}},"2":{"start":{"line":3,"column":0},"end":{"line":3,"column":55}},"3":{"start":{"line":5,"column":15},"end":{"line":5,"column":60}},"4":{"start":{"line":7,"column":19},"end":{"line":10,"column":24}},"5":{"start":{"line":12,"column":0},"end":{"line":12,"column":73}},"6":{"start":{"line":14,"column":13},"end":{"line":14,"column":47}},"7":{"start":{"line":15,"column":0},"end":{"line":15,"column":20}}},"fnMap":{},"branchMap":{},"s":{"0":1,"1":1,"2":1,"3":1,"4":1,"5":1,"6":1,"7":1},"f":{},"b":{}}
,"D:\\ScalableToDoList\\src\\routes\\todoRoutes.ts": {"path":"D:\\ScalableToDoList\\src\\routes\\todoRoutes.ts","statementMap":{"0":{"start":{"line":1,"column":0},"end":{"line":1,"column":30}},"1":{"start":{"line":2,"column":0},"end":{"line":2,"column":114}},"2":{"start":{"line":4,"column":15},"end":{"line":4,"column":31}},"3":{"start":{"line":6,"column":0},"end":{"line":6,"column":29}},"4":{"start":{"line":7,"column":0},"end":{"line":7,"column":29}},"5":{"start":{"line":8,"column":0},"end":{"line":8,"column":40}},"6":{"start":{"line":9,"column":0},"end":{"line":9,"column":31}},"7":{"start":{"line":10,"column":0},"end":{"line":10,"column":34}},"8":{"start":{"line":12,"column":0},"end":{"line":12,"column":22}}},"fnMap":{},"branchMap":{},"s":{"0":1,"1":1,"2":1,"3":1,"4":1,"5":1,"6":1,"7":1,"8":1},"f":{},"b":{}}
,"D:\\ScalableToDoList\\src\\services\\igniteService.ts": {"path":"D:\\ScalableToDoList\\src\\services\\igniteService.ts","statementMap":{"0":{"start":{"line":2,"column":0},"end":{"line":2,"column":49}},"1":{"start":{"line":4,"column":0},"end":{"line":4,"column":27}},"2":{"start":{"line":5,"column":34},"end":{"line":5,"column":72}},"3":{"start":{"line":6,"column":19},"end":{"line":6,"column":42}},"4":{"start":{"line":10,"column":21},"end":{"line":10,"column":53}},"5":{"start":{"line":14,"column":8},"end":{"line":14,"column":85}},"6":{"start":{"line":16,"column":8},"end":{"line":16,"column":50}},"7":{"start":{"line":17,"column":8},"end":{"line":17,"column":null}},"8":{"start":{"line":22,"column":4},"end":{"line":30,"column":5}},"9":{"start":{"line":23,"column":8},"end":{"line":23,"column":41}},"10":{"start":{"line":25,"column":9},"end":{"line":30,"column":5}},"11":{"start":{"line":26,"column":8},"end":{"line":26,"column":41}},"12":{"start":{"line":27,"column":8},"end":{"line":29,"column":9}},"13":{"start":{"line":28,"column":12},"end":{"line":28,"column":32}},"14":{"start":{"line":32,"column":24},"end":{"line":38,"column":1}},"15":{"start":{"line":34,"column":3},"end":{"line":36,"column":5}},"16":{"start":{"line":35,"column":8},"end":{"line":35,"column":24}},"17":{"start":{"line":37,"column":4},"end":{"line":37,"column":17}},"18":{"start":{"line":32,"column":13},"end":{"line":32,"column":24}}},"fnMap":{"0":{"name":"connect","decl":{"start":{"line":12,"column":15},"end":{"line":12,"column":22}},"loc":{"start":{"line":12,"column":22},"end":{"line":19,"column":5}}},"1":{"name":"onStateChanged","decl":{"start":{"line":21,"column":9},"end":{"line":21,"column":23}},"loc":{"start":{"line":21,"column":48},"end":{"line":31,"column":1}}},"2":{"name":"(anonymous_3)","decl":{"start":{"line":32,"column":24},"end":{"line":32,"column":29}},"loc":{"start":{"line":32,"column":35},"end":{"line":38,"column":1}}}},"branchMap":{"0":{"loc":{"start":{"line":22,"column":4},"end":{"line":30,"column":5}},"type":"if","locations":[{"start":{"line":22,"column":4},"end":{"line":30,"column":5}},{"start":{"line":25,"column":9},"end":{"line":30,"column":5}}]},"1":{"loc":{"start":{"line":25,"column":9},"end":{"line":30,"column":5}},"type":"if","locations":[{"start":{"line":25,"column":9},"end":{"line":30,"column":5}}]},"2":{"loc":{"start":{"line":27,"column":8},"end":{"line":29,"column":9}},"type":"if","locations":[{"start":{"line":27,"column":8},"end":{"line":29,"column":9}}]},"3":{"loc":{"start":{"line":34,"column":3},"end":{"line":36,"column":5}},"type":"if","locations":[{"start":{"line":34,"column":3},"end":{"line":36,"column":5}}]}},"s":{"0":1,"1":1,"2":1,"3":1,"4":1,"5":1,"6":1,"7":1,"8":2,"9":1,"10":1,"11":0,"12":0,"13":0,"14":1,"15":5,"16":1,"17":5,"18":1},"f":{"0":1,"1":2,"2":5},"b":{"0":[1,1],"1":[0],"2":[0],"3":[1]}}
}
