TN:
SF:src\app.ts
FN:14,(anonymous_1)
FN:23,(anonymous_2)
FN:24,(anonymous_3)
FN:42,(anonymous_4)
FN:50,(anonymous_5)
FNF:5
FNH:2
FNDA:0,(anonymous_1)
FNDA:1,(anonymous_2)
FNDA:0,(anonymous_3)
FNDA:0,(anonymous_4)
FNDA:1,(anonymous_5)
DA:1,1
DA:2,1
DA:3,1
DA:4,1
DA:5,1
DA:6,1
DA:10,1
DA:11,1
DA:12,1
DA:14,1
DA:15,0
DA:21,1
DA:22,1
DA:23,1
DA:24,0
DA:25,1
DA:26,1
DA:35,1
DA:36,1
DA:37,1
DA:40,1
DA:42,1
DA:44,0
DA:48,1
DA:52,1
DA:57,1
DA:58,1
LF:27
LH:24
BRF:0
BRH:0
end_of_record
TN:
SF:src\config\passport.ts
FN:8,(anonymous_1)
FN:13,(anonymous_2)
FN:31,(anonymous_3)
FN:35,(anonymous_4)
FNF:4
FNH:4
FNDA:1,(anonymous_1)
FNDA:1,(anonymous_2)
FNDA:1,(anonymous_3)
FNDA:5,(anonymous_4)
DA:1,1
DA:2,1
DA:4,1
DA:6,1
DA:8,1
DA:9,1
DA:14,1
DA:15,1
DA:16,1
DA:17,1
DA:19,0
DA:23,0
DA:24,0
DA:27,0
DA:31,1
DA:32,1
DA:35,1
DA:36,5
DA:37,5
LF:19
LH:15
BRDA:16,0,0,1
BRDA:16,0,1,0
BRF:2
BRH:1
end_of_record
TN:
SF:src\controllers\todoController.ts
FN:5,(anonymous_1)
FN:29,(anonymous_2)
FN:46,(anonymous_3)
FN:52,(anonymous_4)
FN:72,(anonymous_5)
FN:81,(anonymous_6)
FN:95,(anonymous_7)
FNF:7
FNH:6
FNDA:1,(anonymous_1)
FNDA:2,(anonymous_2)
FNDA:0,(anonymous_3)
FNDA:1,(anonymous_4)
FNDA:1,(anonymous_5)
FNDA:1,(anonymous_6)
FNDA:1,(anonymous_7)
DA:2,1
DA:3,1
DA:5,1
DA:7,1
DA:8,1
DA:15,1
DA:16,1
DA:18,1
DA:19,1
DA:20,1
DA:22,1
DA:24,1
DA:26,1
DA:29,1
DA:30,2
DA:32,0
DA:34,2
DA:35,2
DA:37,2
DA:38,2
DA:41,0
DA:42,0
DA:43,0
DA:46,1
DA:48,0
DA:49,0
DA:52,1
DA:53,1
DA:54,1
DA:57,1
DA:63,1
DA:64,0
DA:68,1
DA:69,1
DA:70,1
DA:71,1
DA:72,1
DA:73,1
DA:74,1
DA:75,1
DA:78,1
DA:81,1
DA:82,1
DA:83,1
DA:85,1
DA:86,1
DA:87,0
DA:91,1
DA:92,1
DA:93,1
DA:94,1
DA:95,1
DA:96,1
DA:98,1
LF:54
LH:46
BRDA:19,0,0,0
BRDA:19,0,1,1
BRDA:30,1,0,0
BRDA:37,2,0,2
BRDA:63,3,0,0
BRDA:70,4,0,0
BRDA:70,4,1,1
BRDA:73,5,0,1
BRDA:86,6,0,0
BRDA:93,7,0,0
BRDA:93,7,1,1
BRF:11
BRH:5
end_of_record
TN:
SF:src\middlewares\authentication.ts
FN:1,(anonymous_0)
FNF:1
FNH:1
FNDA:5,(anonymous_0)
DA:1,1
DA:3,5
DA:4,5
DA:5,5
DA:6,5
DA:7,5
DA:8,5
DA:10,0
DA:13,1
LF:9
LH:8
BRDA:6,0,0,5
BRDA:6,1,0,5
BRDA:6,1,1,5
BRF:3
BRH:3
end_of_record
TN:
SF:src\models\Todo.ts
FN:6,checkElasticsearchConnection
FN:27,checkIfIndexExistsElseCreate
FN:68,(anonymous_3)
FNF:3
FNH:3
FNDA:1,checkElasticsearchConnection
FNDA:1,checkIfIndexExistsElseCreate
FNDA:1,(anonymous_3)
DA:1,1
DA:2,1
DA:3,1
DA:5,1
DA:7,1
DA:8,1
DA:9,1
DA:11,0
DA:16,1
DA:17,1
DA:25,1
DA:30,1
DA:31,1
DA:32,1
DA:34,1
DA:35,0
DA:37,0
DA:58,0
DA:60,1
DA:63,0
DA:67,1
DA:68,1
DA:69,1
DA:70,1
DA:83,1
DA:85,0
DA:88,1
DA:89,1
LF:28
LH:22
BRDA:34,0,0,0
BRDA:34,0,1,1
BRF:2
BRH:1
end_of_record
TN:
SF:src\models\User.ts
FNF:0
FNH:0
DA:1,1
DA:2,1
DA:3,1
DA:5,1
DA:7,1
DA:12,1
DA:14,1
DA:15,1
LF:8
LH:8
BRF:0
BRH:0
end_of_record
TN:
SF:src\routes\todoRoutes.ts
FNF:0
FNH:0
DA:1,1
DA:2,1
DA:4,1
DA:6,1
DA:7,1
DA:8,1
DA:9,1
DA:10,1
DA:12,1
LF:9
LH:9
BRF:0
BRH:0
end_of_record
TN:
SF:src\services\igniteService.ts
FN:12,connect
FN:21,onStateChanged
FN:32,(anonymous_3)
FNF:3
FNH:3
FNDA:1,connect
FNDA:2,onStateChanged
FNDA:5,(anonymous_3)
DA:2,1
DA:4,1
DA:5,1
DA:6,1
DA:10,1
DA:14,1
DA:16,1
DA:17,1
DA:22,2
DA:23,1
DA:25,1
DA:26,0
DA:27,0
DA:28,0
DA:32,1
DA:34,5
DA:35,1
DA:37,5
LF:18
LH:15
BRDA:22,0,0,1
BRDA:22,0,1,1
BRDA:25,1,0,0
BRDA:27,2,0,0
BRDA:34,3,0,1
BRF:5
BRH:3
end_of_record
